<?xml version="1.0" encoding="UTF-8"?>
<!-- Generated by org.testng.reporters.JUnitReportReporter -->
<testsuite skipped="0" hostname="DESKTOP-LSKACAV" name="com.bank.testsuite.BankTest" tests="4" failures="0" timestamp="2022-12-13T19:50:39 GMT" time="27.099" errors="0">
  <testcase name="bankManagerShouldAddCustomerSuccessfully" time="5.850" classname="com.bank.testsuite.BankTest"/>
  <system-out>
    <![CDATA[clickOnBankManagerLoginTab[[ChromeDriver: chrome on WINDOWS (6527cab7be001c0911182ba641d539f7)] -> xpath: //button[text()='Bank Manager Login']]
clickOnAddCustomerTab[[ChromeDriver: chrome on WINDOWS (6527cab7be001c0911182ba641d539f7)] -> xpath: //button[@ng-class='btnClass1']]
sendTextToFirstName[[ChromeDriver: chrome on WINDOWS (6527cab7be001c0911182ba641d539f7)] -> xpath: //input[@placeholder='First Name']]
sendTextToLastName[[ChromeDriver: chrome on WINDOWS (6527cab7be001c0911182ba641d539f7)] -> xpath: //input[@placeholder='Last Name']]
sendTextToPostCode[[ChromeDriver: chrome on WINDOWS (6527cab7be001c0911182ba641d539f7)] -> xpath: //input[@placeholder='Post Code']]
Click to see screenshot
<a target = "_blank" href=C:\Users\USER\IdeaProjects\testng-week15-xyz-bank-naresh/test-output/html/bankManagerShouldAddCustomerSuccessfullyTue_Dec_13_19_50_17_GMT_2022.jpg>Screenshot</a>
<br>
<br>
<a target = "_blank" href=C:\Users\USER\IdeaProjects\testng-week15-xyz-bank-naresh/test-output/html/bankManagerShouldAddCustomerSuccessfullyTue_Dec_13_19_50_17_GMT_2022.jpg><img src=C:\Users\USER\IdeaProjects\testng-week15-xyz-bank-naresh/test-output/html/bankManagerShouldAddCustomerSuccessfullyTue_Dec_13_19_50_17_GMT_2022.jpg height=200 width=200></img></a>]]>
  </system-out>
  <testcase name="bankManagerShouldOpenAccountSuccessfully" time="7.969" classname="com.bank.testsuite.BankTest"/>
  <system-out>
    <![CDATA[clickOnBankManagerLoginTab[[ChromeDriver: chrome on WINDOWS (f4e1c2815c79d45e9cc7a8859e3e6ecc)] -> xpath: //button[text()='Bank Manager Login']]
clickOnOpenAccountTab[[ChromeDriver: chrome on WINDOWS (f4e1c2815c79d45e9cc7a8859e3e6ecc)] -> xpath: //button[@ng-class='btnClass2']]
mouseHoverOnCustomerName[[ChromeDriver: chrome on WINDOWS (f4e1c2815c79d45e9cc7a8859e3e6ecc)] -> xpath: //select[@id='userSelect']]
selectCustomerName[[ChromeDriver: chrome on WINDOWS (f4e1c2815c79d45e9cc7a8859e3e6ecc)] -> xpath: //select[@id='userSelect']]
mouseHoverOnCurrancy[[ChromeDriver: chrome on WINDOWS (f4e1c2815c79d45e9cc7a8859e3e6ecc)] -> xpath: //select[@id='userSelect']]
selectCurrancyPound([[ChromeDriver: chrome on WINDOWS (f4e1c2815c79d45e9cc7a8859e3e6ecc)] -> xpath: //select[@id='currency']]
Click to see screenshot
<a target = "_blank" href=C:\Users\USER\IdeaProjects\testng-week15-xyz-bank-naresh/test-output/html/bankManagerShouldOpenAccountSuccessfullyTue_Dec_13_19_50_23_GMT_2022.jpg>Screenshot</a>
<br>
<br>
<a target = "_blank" href=C:\Users\USER\IdeaProjects\testng-week15-xyz-bank-naresh/test-output/html/bankManagerShouldOpenAccountSuccessfullyTue_Dec_13_19_50_23_GMT_2022.jpg><img src=C:\Users\USER\IdeaProjects\testng-week15-xyz-bank-naresh/test-output/html/bankManagerShouldOpenAccountSuccessfullyTue_Dec_13_19_50_23_GMT_2022.jpg height=200 width=200></img></a>]]>
  </system-out>
  <testcase name="customerShouldDepositMoneySuccessfully" time="6.625" classname="com.bank.testsuite.BankTest"/>
  <system-out>
    <![CDATA[clickOnCustomerLoginTab[[ChromeDriver: chrome on WINDOWS (460036d34742528428971f6a083cef6e)] -> xpath: //button[contains(text(),'Customer Login')]]
mouseHoverOnYourName[[ChromeDriver: chrome on WINDOWS (460036d34742528428971f6a083cef6e)] -> xpath: //select[@id='userSelect']]
clickOnSelectYourName[[ChromeDriver: chrome on WINDOWS (460036d34742528428971f6a083cef6e)] -> xpath: //select[@id='userSelect']]
clickOnLoginButton[[ChromeDriver: chrome on WINDOWS (460036d34742528428971f6a083cef6e)] -> xpath: //button[normalize-space()='Login']]
clickOnDeposit[[ChromeDriver: chrome on WINDOWS (460036d34742528428971f6a083cef6e)] -> xpath: //button[@ng-class='btnClass2']]
clickOnDepositTab[[ChromeDriver: chrome on WINDOWS (460036d34742528428971f6a083cef6e)] -> xpath: //button[@type='submit']]
verifyDepositSuccessful[[ChromeDriver: chrome on WINDOWS (460036d34742528428971f6a083cef6e)] -> xpath: //button[@type='submit']]
Click to see screenshot
<a target = "_blank" href=C:\Users\USER\IdeaProjects\testng-week15-xyz-bank-naresh/test-output/html/customerShouldDepositMoneySuccessfullyTue_Dec_13_19_50_30_GMT_2022.jpg>Screenshot</a>
<br>
<br>
<a target = "_blank" href=C:\Users\USER\IdeaProjects\testng-week15-xyz-bank-naresh/test-output/html/customerShouldDepositMoneySuccessfullyTue_Dec_13_19_50_30_GMT_2022.jpg><img src=C:\Users\USER\IdeaProjects\testng-week15-xyz-bank-naresh/test-output/html/customerShouldDepositMoneySuccessfullyTue_Dec_13_19_50_30_GMT_2022.jpg height=200 width=200></img></a>]]>
  </system-out>
  <testcase name="customerShouldWithdrawMoneySuccessfully" time="6.655" classname="com.bank.testsuite.BankTest"/>
  <system-out>
    <![CDATA[clickOnCustomerLoginTab[[ChromeDriver: chrome on WINDOWS (e5c281bad5d8828fff6bc2854606ea90)] -> xpath: //button[contains(text(),'Customer Login')]]
mouseHoverOnYourName[[ChromeDriver: chrome on WINDOWS (e5c281bad5d8828fff6bc2854606ea90)] -> xpath: //select[@id='userSelect']]
clickOnSelectYourName[[ChromeDriver: chrome on WINDOWS (e5c281bad5d8828fff6bc2854606ea90)] -> xpath: //select[@id='userSelect']]
clickOnLoginButton[[ChromeDriver: chrome on WINDOWS (e5c281bad5d8828fff6bc2854606ea90)] -> xpath: //button[normalize-space()='Login']]
clickOnWithdrawl[[ChromeDriver: chrome on WINDOWS (e5c281bad5d8828fff6bc2854606ea90)] -> xpath: (//button[contains(@class,'btn btn-lg')])[3]]
sendWithdrawlAmountValue[[ChromeDriver: chrome on WINDOWS (e5c281bad5d8828fff6bc2854606ea90)] -> xpath: //input[@placeholder='amount']]
clickOnWitdrawlTab[[ChromeDriver: chrome on WINDOWS (e5c281bad5d8828fff6bc2854606ea90)] -> xpath: //button[@type='submit']]
Click to see screenshot
<a target = "_blank" href=C:\Users\USER\IdeaProjects\testng-week15-xyz-bank-naresh/test-output/html/customerShouldWithdrawMoneySuccessfullyTue_Dec_13_19_50_37_GMT_2022.jpg>Screenshot</a>
<br>
<br>
<a target = "_blank" href=C:\Users\USER\IdeaProjects\testng-week15-xyz-bank-naresh/test-output/html/customerShouldWithdrawMoneySuccessfullyTue_Dec_13_19_50_37_GMT_2022.jpg><img src=C:\Users\USER\IdeaProjects\testng-week15-xyz-bank-naresh/test-output/html/customerShouldWithdrawMoneySuccessfullyTue_Dec_13_19_50_37_GMT_2022.jpg height=200 width=200></img></a>]]>
  </system-out>
</testsuite> <!-- com.bank.testsuite.BankTest -->
